{
  "stats": {
    "suites": 1,
    "tests": 2,
    "passes": 2,
    "pending": 0,
    "failures": 0,
    "start": "2026-02-13T05:56:11.606Z",
    "end": "2026-02-13T05:56:22.824Z",
    "duration": 11218,
    "testsRegistered": 2,
    "passPercent": 100,
    "pendingPercent": 0,
    "other": 0,
    "hasOther": false,
    "skipped": 0,
    "hasSkipped": false
  },
  "results": [
    {
      "uuid": "641e9a56-29c9-4fd3-85fb-d2754ca9712e",
      "title": "",
      "fullFile": "D:\\Vara Bootcamp\\TUGAS\\sesi-9\\tests\\sesi-9\\test_sesi9.js",
      "file": "\\tests\\sesi-9\\test_sesi9.js",
      "beforeHooks": [],
      "afterHooks": [],
      "tests": [],
      "suites": [
        {
          "uuid": "e1fc86b7-19b2-4dc0-8f32-2a17e611ad6b",
          "title": "Google Search Test",
          "fullFile": "D:\\Vara Bootcamp\\TUGAS\\sesi-9\\tests\\sesi-9\\test_sesi9.js",
          "file": "\\tests\\sesi-9\\test_sesi9.js",
          "beforeHooks": [],
          "afterHooks": [],
          "tests": [
            {
              "title": "Visit SauceDemo dan cek page title",
              "fullTitle": "Google Search Test Visit SauceDemo dan cek page title",
              "timedOut": false,
              "duration": 4957,
              "state": "passed",
              "speed": "slow",
              "pass": true,
              "fail": false,
              "pending": false,
              "context": null,
              "code": "options = new chrome.Options();\noptions.addArguments('--incognito'); // option ke chrome supaya gaada popup password nya\ndriver = await new Builder()\n    .forBrowser('chrome')\n    .setChromeOptions(options)\n    .build();\n// driver = await new Builder().forBrowser('chrome').build();\nawait driver.get('https://www.saucedemo.com');\nconst title = await driver.getTitle();\n// assert: memastikan object sama persis\nassert.strictEqual(title, 'Swag Labs');\n// inputs\nlet inputUsername = await driver.findElement(By.css('[data-test=\"username\"]'))\nlet inputPassword = await driver.findElement(By.xpath('//*[@data-test=\"password\"]'))\nlet buttonLogin = await driver.findElement(By.className('submit-button btn_action'))\nawait inputUsername.sendKeys('standard_user')\nawait inputPassword.sendKeys('secret_sauce')\nawait buttonLogin.click()\n\n// tunggu element tampil\nlet buttonCart = await driver.wait(\n    until.elementLocated(By.xpath('//*[@data-test=\"shopping-cart-link\"]')), \n    10000\n);\nawait driver.wait(until.elementIsVisible(buttonCart), 5000, 'Shopping cart harus tampil');\n\n// assert: text dalam element benar\nlet textAppLogo = await driver.findElement(By.className('app_logo'))\nlet logotext = await textAppLogo.getText()\nassert.strictEqual(logotext, 'Swag Labs')\nawait driver.sleep(1700)\n// dropdown search\nlet dropdownSort = await driver.findElement(By.xpath('//select[@data-test=\"product-sort-container\"]'))\nawait dropdownSort.click()\nlet option = await driver.findElement(By.xpath('//option[text()=\"Price (low to high)\"]'));\nawait option.click();\nawait driver.quit();",
              "err": {},
              "uuid": "4cf4dad1-329e-41c6-9689-e4e4470ae0d4",
              "parentUUID": "e1fc86b7-19b2-4dc0-8f32-2a17e611ad6b",
              "isHook": false,
              "skipped": false
            },
            {
              "title": "Test Case 2",
              "fullTitle": "Google Search Test Test Case 2",
              "timedOut": false,
              "duration": 6242,
              "state": "passed",
              "speed": "slow",
              "pass": true,
              "fail": false,
              "pending": false,
              "context": null,
              "code": "// driver = await new Builder().forBrowser('firefox').setChromeOptions(options).build();\ndriver = await new Builder().forBrowser('firefox').build();\n// driver = await new Builder().forBrowser('chrome').build();\nawait driver.get('https://www.saucedemo.com');\nawait driver.quit()",
              "err": {},
              "uuid": "8135df9f-b8b1-4cdf-aaa7-d38b7d7c8331",
              "parentUUID": "e1fc86b7-19b2-4dc0-8f32-2a17e611ad6b",
              "isHook": false,
              "skipped": false
            }
          ],
          "suites": [],
          "passes": [
            "4cf4dad1-329e-41c6-9689-e4e4470ae0d4",
            "8135df9f-b8b1-4cdf-aaa7-d38b7d7c8331"
          ],
          "failures": [],
          "pending": [],
          "skipped": [],
          "duration": 11199,
          "root": false,
          "rootEmpty": false,
          "_timeout": 60000
        }
      ],
      "passes": [],
      "failures": [],
      "pending": [],
      "skipped": [],
      "duration": 0,
      "root": true,
      "rootEmpty": true,
      "_timeout": 60000
    }
  ],
  "meta": {
    "mocha": {
      "version": "10.8.2"
    },
    "mochawesome": {
      "options": {
        "quiet": false,
        "reportFilename": "mochawesome",
        "saveHtml": true,
        "saveJson": true,
        "consoleReporter": "spec",
        "useInlineDiffs": false,
        "code": true
      },
      "version": "7.1.4"
    },
    "marge": {
      "options": null,
      "version": "6.3.2"
    }
  }
}